This file contains any messages produced by compilers while
running configure, to aid debugging if configure makes a mistake.

It was created by rcssmonitor configure 15.1.0, which was
generated by GNU Autoconf 2.68.  Invocation command line was

  $ ./configure 

## --------- ##
## Platform. ##
## --------- ##

hostname = trentonUbuntu
uname -m = x86_64
uname -r = 3.8.0-35-generic
uname -s = Linux
uname -v = #50~precise1-Ubuntu SMP Wed Dec 4 17:25:51 UTC 2013

/usr/bin/uname -p = unknown
/bin/uname -X     = unknown

/bin/arch              = unknown
/usr/bin/arch -k       = unknown
/usr/convex/getsysinfo = unknown
/usr/bin/hostinfo      = unknown
/bin/machine           = unknown
/usr/bin/oslevel       = unknown
/bin/universe          = unknown

PATH: /media/DATA/Research/newkeepaway/keepaway
PATH: /opt/ros/groovy/bin
PATH: /usr/lib/lightdm/lightdm
PATH: /usr/local/sbin
PATH: /usr/local/bin
PATH: /usr/sbin
PATH: /usr/bin
PATH: /sbin
PATH: /bin
PATH: /usr/games


## ----------- ##
## Core tests. ##
## ----------- ##

configure:2459: checking for a BSD-compatible install
configure:2527: result: /usr/bin/install -c
configure:2538: checking whether build environment is sane
configure:2588: result: yes
configure:2729: checking for a thread-safe mkdir -p
configure:2768: result: /bin/mkdir -p
configure:2781: checking for gawk
configure:2811: result: no
configure:2781: checking for mawk
configure:2797: found /usr/bin/mawk
configure:2808: result: mawk
configure:2819: checking whether make sets $(MAKE)
configure:2841: result: yes
configure:2978: checking for gcc
configure:2994: found /usr/bin/gcc
configure:3005: result: gcc
configure:3234: checking for C compiler version
configure:3243: gcc --version >&5
gcc (Ubuntu/Linaro 4.6.3-1ubuntu5) 4.6.3
Copyright (C) 2011 Free Software Foundation, Inc.
This is free software; see the source for copying conditions.  There is NO
warranty; not even for MERCHANTABILITY or FITNESS FOR A PARTICULAR PURPOSE.

configure:3254: $? = 0
configure:3243: gcc -v >&5
Using built-in specs.
COLLECT_GCC=gcc
COLLECT_LTO_WRAPPER=/usr/lib/gcc/x86_64-linux-gnu/4.6/lto-wrapper
Target: x86_64-linux-gnu
Configured with: ../src/configure -v --with-pkgversion='Ubuntu/Linaro 4.6.3-1ubuntu5' --with-bugurl=file:///usr/share/doc/gcc-4.6/README.Bugs --enable-languages=c,c++,fortran,objc,obj-c++ --prefix=/usr --program-suffix=-4.6 --enable-shared --enable-linker-build-id --with-system-zlib --libexecdir=/usr/lib --without-included-gettext --enable-threads=posix --with-gxx-include-dir=/usr/include/c++/4.6 --libdir=/usr/lib --enable-nls --with-sysroot=/ --enable-clocale=gnu --enable-libstdcxx-debug --enable-libstdcxx-time=yes --enable-gnu-unique-object --enable-plugin --enable-objc-gc --disable-werror --with-arch-32=i686 --with-tune=generic --enable-checking=release --build=x86_64-linux-gnu --host=x86_64-linux-gnu --target=x86_64-linux-gnu
Thread model: posix
gcc version 4.6.3 (Ubuntu/Linaro 4.6.3-1ubuntu5) 
configure:3254: $? = 0
configure:3243: gcc -V >&5
gcc: error: unrecognized option '-V'
gcc: fatal error: no input files
compilation terminated.
configure:3254: $? = 4
configure:3243: gcc -qversion >&5
gcc: error: unrecognized option '-qversion'
gcc: fatal error: no input files
compilation terminated.
configure:3254: $? = 4
configure:3274: checking whether the C compiler works
configure:3296: gcc    conftest.c  >&5
configure:3300: $? = 0
configure:3348: result: yes
configure:3351: checking for C compiler default output file name
configure:3353: result: a.out
configure:3359: checking for suffix of executables
configure:3366: gcc -o conftest    conftest.c  >&5
configure:3370: $? = 0
configure:3392: result: 
configure:3414: checking whether we are cross compiling
configure:3422: gcc -o conftest    conftest.c  >&5
configure:3426: $? = 0
configure:3433: ./conftest
configure:3437: $? = 0
configure:3452: result: no
configure:3457: checking for suffix of object files
configure:3479: gcc -c   conftest.c >&5
configure:3483: $? = 0
configure:3504: result: o
configure:3508: checking whether we are using the GNU C compiler
configure:3527: gcc -c   conftest.c >&5
configure:3527: $? = 0
configure:3536: result: yes
configure:3545: checking whether gcc accepts -g
configure:3565: gcc -c -g  conftest.c >&5
configure:3565: $? = 0
configure:3606: result: yes
configure:3623: checking for gcc option to accept ISO C89
configure:3687: gcc  -c -g -O2  conftest.c >&5
configure:3687: $? = 0
configure:3700: result: none needed
configure:3731: checking for style of include used by make
configure:3759: result: GNU
configure:3785: checking dependency style of gcc
configure:3896: result: gcc3
configure:3916: checking how to run the C preprocessor
configure:3947: gcc -E  conftest.c
configure:3947: $? = 0
configure:3961: gcc -E  conftest.c
conftest.c:11:28: fatal error: ac_nonexistent.h: No such file or directory
compilation terminated.
configure:3961: $? = 1
configure: failed program was:
| /* confdefs.h */
| #define PACKAGE_NAME "rcssmonitor"
| #define PACKAGE_TARNAME "rcssmonitor"
| #define PACKAGE_VERSION "15.1.0"
| #define PACKAGE_STRING "rcssmonitor 15.1.0"
| #define PACKAGE_BUGREPORT "sserver-admin@users.sf.net"
| #define PACKAGE_URL ""
| #define PACKAGE "rcssmonitor"
| #define VERSION "15.1.0"
| /* end confdefs.h.  */
| #include <ac_nonexistent.h>
configure:3986: result: gcc -E
configure:4006: gcc -E  conftest.c
configure:4006: $? = 0
configure:4020: gcc -E  conftest.c
conftest.c:11:28: fatal error: ac_nonexistent.h: No such file or directory
compilation terminated.
configure:4020: $? = 1
configure: failed program was:
| /* confdefs.h */
| #define PACKAGE_NAME "rcssmonitor"
| #define PACKAGE_TARNAME "rcssmonitor"
| #define PACKAGE_VERSION "15.1.0"
| #define PACKAGE_STRING "rcssmonitor 15.1.0"
| #define PACKAGE_BUGREPORT "sserver-admin@users.sf.net"
| #define PACKAGE_URL ""
| #define PACKAGE "rcssmonitor"
| #define VERSION "15.1.0"
| /* end confdefs.h.  */
| #include <ac_nonexistent.h>
configure:4106: checking for g++
configure:4122: found /usr/bin/g++
configure:4133: result: g++
configure:4160: checking for C++ compiler version
configure:4169: g++ --version >&5
g++ (Ubuntu/Linaro 4.6.3-1ubuntu5) 4.6.3
Copyright (C) 2011 Free Software Foundation, Inc.
This is free software; see the source for copying conditions.  There is NO
warranty; not even for MERCHANTABILITY or FITNESS FOR A PARTICULAR PURPOSE.

configure:4180: $? = 0
configure:4169: g++ -v >&5
Using built-in specs.
COLLECT_GCC=g++
COLLECT_LTO_WRAPPER=/usr/lib/gcc/x86_64-linux-gnu/4.6/lto-wrapper
Target: x86_64-linux-gnu
Configured with: ../src/configure -v --with-pkgversion='Ubuntu/Linaro 4.6.3-1ubuntu5' --with-bugurl=file:///usr/share/doc/gcc-4.6/README.Bugs --enable-languages=c,c++,fortran,objc,obj-c++ --prefix=/usr --program-suffix=-4.6 --enable-shared --enable-linker-build-id --with-system-zlib --libexecdir=/usr/lib --without-included-gettext --enable-threads=posix --with-gxx-include-dir=/usr/include/c++/4.6 --libdir=/usr/lib --enable-nls --with-sysroot=/ --enable-clocale=gnu --enable-libstdcxx-debug --enable-libstdcxx-time=yes --enable-gnu-unique-object --enable-plugin --enable-objc-gc --disable-werror --with-arch-32=i686 --with-tune=generic --enable-checking=release --build=x86_64-linux-gnu --host=x86_64-linux-gnu --target=x86_64-linux-gnu
Thread model: posix
gcc version 4.6.3 (Ubuntu/Linaro 4.6.3-1ubuntu5) 
configure:4180: $? = 0
configure:4169: g++ -V >&5
g++: error: unrecognized option '-V'
g++: fatal error: no input files
compilation terminated.
configure:4180: $? = 4
configure:4169: g++ -qversion >&5
g++: error: unrecognized option '-qversion'
g++: fatal error: no input files
compilation terminated.
configure:4180: $? = 4
configure:4184: checking whether we are using the GNU C++ compiler
configure:4203: g++ -c   conftest.cpp >&5
configure:4203: $? = 0
configure:4212: result: yes
configure:4221: checking whether g++ accepts -g
configure:4241: g++ -c -g  conftest.cpp >&5
configure:4241: $? = 0
configure:4282: result: yes
configure:4307: checking dependency style of g++
configure:4418: result: gcc3
configure:4439: checking for cos in -lm
configure:4464: gcc -o conftest -g -O2   conftest.c -lm   >&5
conftest.c:18:6: warning: conflicting types for built-in function 'cos' [enabled by default]
configure:4464: $? = 0
configure:4473: result: yes
configure:4481: checking for deflate in -lz
configure:4506: gcc -o conftest -g -O2   conftest.c -lz  -lm  >&5
configure:4506: $? = 0
configure:4515: result: yes
configure:4532: checking for grep that handles long lines and -e
configure:4590: result: /bin/grep
configure:4595: checking for egrep
configure:4657: result: /bin/grep -E
configure:4662: checking for ANSI C header files
configure:4682: gcc -c -g -O2  conftest.c >&5
configure:4682: $? = 0
configure:4755: gcc -o conftest -g -O2   conftest.c -lz -lm  >&5
configure:4755: $? = 0
configure:4755: ./conftest
configure:4755: $? = 0
configure:4766: result: yes
configure:4779: checking for sys/types.h
configure:4779: gcc -c -g -O2  conftest.c >&5
configure:4779: $? = 0
configure:4779: result: yes
configure:4779: checking for sys/stat.h
configure:4779: gcc -c -g -O2  conftest.c >&5
configure:4779: $? = 0
configure:4779: result: yes
configure:4779: checking for stdlib.h
configure:4779: gcc -c -g -O2  conftest.c >&5
configure:4779: $? = 0
configure:4779: result: yes
configure:4779: checking for string.h
configure:4779: gcc -c -g -O2  conftest.c >&5
configure:4779: $? = 0
configure:4779: result: yes
configure:4779: checking for memory.h
configure:4779: gcc -c -g -O2  conftest.c >&5
configure:4779: $? = 0
configure:4779: result: yes
configure:4779: checking for strings.h
configure:4779: gcc -c -g -O2  conftest.c >&5
configure:4779: $? = 0
configure:4779: result: yes
configure:4779: checking for inttypes.h
configure:4779: gcc -c -g -O2  conftest.c >&5
configure:4779: $? = 0
configure:4779: result: yes
configure:4779: checking for stdint.h
configure:4779: gcc -c -g -O2  conftest.c >&5
configure:4779: $? = 0
configure:4779: result: yes
configure:4779: checking for unistd.h
configure:4779: gcc -c -g -O2  conftest.c >&5
configure:4779: $? = 0
configure:4779: result: yes
configure:4793: checking netinet/in.h usability
configure:4793: gcc -c -g -O2  conftest.c >&5
configure:4793: $? = 0
configure:4793: result: yes
configure:4793: checking netinet/in.h presence
configure:4793: gcc -E  conftest.c
configure:4793: $? = 0
configure:4793: result: yes
configure:4793: checking for netinet/in.h
configure:4793: result: yes
configure:4808: checking for stdbool.h that conforms to C99
configure:4875: gcc -c -g -O2  conftest.c >&5
configure:4875: $? = 0
configure:4882: result: yes
configure:4884: checking for _Bool
configure:4884: gcc -c -g -O2  conftest.c >&5
configure:4884: $? = 0
configure:4884: gcc -c -g -O2  conftest.c >&5
conftest.c: In function 'main':
conftest.c:59:20: error: expected expression before ')' token
configure:4884: $? = 1
configure: failed program was:
| /* confdefs.h */
| #define PACKAGE_NAME "rcssmonitor"
| #define PACKAGE_TARNAME "rcssmonitor"
| #define PACKAGE_VERSION "15.1.0"
| #define PACKAGE_STRING "rcssmonitor 15.1.0"
| #define PACKAGE_BUGREPORT "sserver-admin@users.sf.net"
| #define PACKAGE_URL ""
| #define PACKAGE "rcssmonitor"
| #define VERSION "15.1.0"
| #define HAVE_LIBZ 1
| #define STDC_HEADERS 1
| #define HAVE_SYS_TYPES_H 1
| #define HAVE_SYS_STAT_H 1
| #define HAVE_STDLIB_H 1
| #define HAVE_STRING_H 1
| #define HAVE_MEMORY_H 1
| #define HAVE_STRINGS_H 1
| #define HAVE_INTTYPES_H 1
| #define HAVE_STDINT_H 1
| #define HAVE_UNISTD_H 1
| #define HAVE_NETINET_IN_H 1
| /* end confdefs.h.  */
| #include <stdio.h>
| #ifdef HAVE_SYS_TYPES_H
| # include <sys/types.h>
| #endif
| #ifdef HAVE_SYS_STAT_H
| # include <sys/stat.h>
| #endif
| #ifdef STDC_HEADERS
| # include <stdlib.h>
| # include <stddef.h>
| #else
| # ifdef HAVE_STDLIB_H
| #  include <stdlib.h>
| # endif
| #endif
| #ifdef HAVE_STRING_H
| # if !defined STDC_HEADERS && defined HAVE_MEMORY_H
| #  include <memory.h>
| # endif
| # include <string.h>
| #endif
| #ifdef HAVE_STRINGS_H
| # include <strings.h>
| #endif
| #ifdef HAVE_INTTYPES_H
| # include <inttypes.h>
| #endif
| #ifdef HAVE_STDINT_H
| # include <stdint.h>
| #endif
| #ifdef HAVE_UNISTD_H
| # include <unistd.h>
| #endif
| int
| main ()
| {
| if (sizeof ((_Bool)))
| 	    return 0;
|   ;
|   return 0;
| }
configure:4884: result: yes
configure:4900: checking for inline
configure:4916: gcc -c -g -O2  conftest.c >&5
configure:4916: $? = 0
configure:4924: result: inline
configure:4942: checking for an ANSI C-conforming const
configure:5007: gcc -c -g -O2  conftest.c >&5
configure:5007: $? = 0
configure:5014: result: yes
configure:5022: checking for int16_t
configure:5022: gcc -c -g -O2  conftest.c >&5
configure:5022: $? = 0
configure:5022: gcc -c -g -O2  conftest.c >&5
conftest.c: In function 'main':
conftest.c:62:12: error: size of array 'test_array' is negative
configure:5022: $? = 1
configure: failed program was:
| /* confdefs.h */
| #define PACKAGE_NAME "rcssmonitor"
| #define PACKAGE_TARNAME "rcssmonitor"
| #define PACKAGE_VERSION "15.1.0"
| #define PACKAGE_STRING "rcssmonitor 15.1.0"
| #define PACKAGE_BUGREPORT "sserver-admin@users.sf.net"
| #define PACKAGE_URL ""
| #define PACKAGE "rcssmonitor"
| #define VERSION "15.1.0"
| #define HAVE_LIBZ 1
| #define STDC_HEADERS 1
| #define HAVE_SYS_TYPES_H 1
| #define HAVE_SYS_STAT_H 1
| #define HAVE_STDLIB_H 1
| #define HAVE_STRING_H 1
| #define HAVE_MEMORY_H 1
| #define HAVE_STRINGS_H 1
| #define HAVE_INTTYPES_H 1
| #define HAVE_STDINT_H 1
| #define HAVE_UNISTD_H 1
| #define HAVE_NETINET_IN_H 1
| #define HAVE__BOOL 1
| #define HAVE_STDBOOL_H 1
| /* end confdefs.h.  */
| #include <stdio.h>
| #ifdef HAVE_SYS_TYPES_H
| # include <sys/types.h>
| #endif
| #ifdef HAVE_SYS_STAT_H
| # include <sys/stat.h>
| #endif
| #ifdef STDC_HEADERS
| # include <stdlib.h>
| # include <stddef.h>
| #else
| # ifdef HAVE_STDLIB_H
| #  include <stdlib.h>
| # endif
| #endif
| #ifdef HAVE_STRING_H
| # if !defined STDC_HEADERS && defined HAVE_MEMORY_H
| #  include <memory.h>
| # endif
| # include <string.h>
| #endif
| #ifdef HAVE_STRINGS_H
| # include <strings.h>
| #endif
| #ifdef HAVE_INTTYPES_H
| # include <inttypes.h>
| #endif
| #ifdef HAVE_STDINT_H
| # include <stdint.h>
| #endif
| #ifdef HAVE_UNISTD_H
| # include <unistd.h>
| #endif
| 	        enum { N = 16 / 2 - 1 };
| int
| main ()
| {
| static int test_array [1 - 2 * !((int16_t) (((((int16_t) 1 << N) << N) - 1) * 2 + 1)
| 		 < (int16_t) (((((int16_t) 1 << N) << N) - 1) * 2 + 2))];
| test_array [0] = 0
| 
|   ;
|   return 0;
| }
configure:5022: result: yes
configure:5033: checking for int32_t
configure:5033: gcc -c -g -O2  conftest.c >&5
configure:5033: $? = 0
configure:5033: gcc -c -g -O2  conftest.c >&5
conftest.c: In function 'main':
conftest.c:63:53: warning: integer overflow in expression [-Woverflow]
conftest.c:62:12: error: size of array 'test_array' is negative
conftest.c:62:12: error: storage size of 'test_array' isn't constant
configure:5033: $? = 1
configure: failed program was:
| /* confdefs.h */
| #define PACKAGE_NAME "rcssmonitor"
| #define PACKAGE_TARNAME "rcssmonitor"
| #define PACKAGE_VERSION "15.1.0"
| #define PACKAGE_STRING "rcssmonitor 15.1.0"
| #define PACKAGE_BUGREPORT "sserver-admin@users.sf.net"
| #define PACKAGE_URL ""
| #define PACKAGE "rcssmonitor"
| #define VERSION "15.1.0"
| #define HAVE_LIBZ 1
| #define STDC_HEADERS 1
| #define HAVE_SYS_TYPES_H 1
| #define HAVE_SYS_STAT_H 1
| #define HAVE_STDLIB_H 1
| #define HAVE_STRING_H 1
| #define HAVE_MEMORY_H 1
| #define HAVE_STRINGS_H 1
| #define HAVE_INTTYPES_H 1
| #define HAVE_STDINT_H 1
| #define HAVE_UNISTD_H 1
| #define HAVE_NETINET_IN_H 1
| #define HAVE__BOOL 1
| #define HAVE_STDBOOL_H 1
| /* end confdefs.h.  */
| #include <stdio.h>
| #ifdef HAVE_SYS_TYPES_H
| # include <sys/types.h>
| #endif
| #ifdef HAVE_SYS_STAT_H
| # include <sys/stat.h>
| #endif
| #ifdef STDC_HEADERS
| # include <stdlib.h>
| # include <stddef.h>
| #else
| # ifdef HAVE_STDLIB_H
| #  include <stdlib.h>
| # endif
| #endif
| #ifdef HAVE_STRING_H
| # if !defined STDC_HEADERS && defined HAVE_MEMORY_H
| #  include <memory.h>
| # endif
| # include <string.h>
| #endif
| #ifdef HAVE_STRINGS_H
| # include <strings.h>
| #endif
| #ifdef HAVE_INTTYPES_H
| # include <inttypes.h>
| #endif
| #ifdef HAVE_STDINT_H
| # include <stdint.h>
| #endif
| #ifdef HAVE_UNISTD_H
| # include <unistd.h>
| #endif
| 	        enum { N = 32 / 2 - 1 };
| int
| main ()
| {
| static int test_array [1 - 2 * !((int32_t) (((((int32_t) 1 << N) << N) - 1) * 2 + 1)
| 		 < (int32_t) (((((int32_t) 1 << N) << N) - 1) * 2 + 2))];
| test_array [0] = 0
| 
|   ;
|   return 0;
| }
configure:5033: result: yes
configure:5044: checking for size_t
configure:5044: gcc -c -g -O2  conftest.c >&5
configure:5044: $? = 0
configure:5044: gcc -c -g -O2  conftest.c >&5
conftest.c: In function 'main':
conftest.c:61:21: error: expected expression before ')' token
configure:5044: $? = 1
configure: failed program was:
| /* confdefs.h */
| #define PACKAGE_NAME "rcssmonitor"
| #define PACKAGE_TARNAME "rcssmonitor"
| #define PACKAGE_VERSION "15.1.0"
| #define PACKAGE_STRING "rcssmonitor 15.1.0"
| #define PACKAGE_BUGREPORT "sserver-admin@users.sf.net"
| #define PACKAGE_URL ""
| #define PACKAGE "rcssmonitor"
| #define VERSION "15.1.0"
| #define HAVE_LIBZ 1
| #define STDC_HEADERS 1
| #define HAVE_SYS_TYPES_H 1
| #define HAVE_SYS_STAT_H 1
| #define HAVE_STDLIB_H 1
| #define HAVE_STRING_H 1
| #define HAVE_MEMORY_H 1
| #define HAVE_STRINGS_H 1
| #define HAVE_INTTYPES_H 1
| #define HAVE_STDINT_H 1
| #define HAVE_UNISTD_H 1
| #define HAVE_NETINET_IN_H 1
| #define HAVE__BOOL 1
| #define HAVE_STDBOOL_H 1
| /* end confdefs.h.  */
| #include <stdio.h>
| #ifdef HAVE_SYS_TYPES_H
| # include <sys/types.h>
| #endif
| #ifdef HAVE_SYS_STAT_H
| # include <sys/stat.h>
| #endif
| #ifdef STDC_HEADERS
| # include <stdlib.h>
| # include <stddef.h>
| #else
| # ifdef HAVE_STDLIB_H
| #  include <stdlib.h>
| # endif
| #endif
| #ifdef HAVE_STRING_H
| # if !defined STDC_HEADERS && defined HAVE_MEMORY_H
| #  include <memory.h>
| # endif
| # include <string.h>
| #endif
| #ifdef HAVE_STRINGS_H
| # include <strings.h>
| #endif
| #ifdef HAVE_INTTYPES_H
| # include <inttypes.h>
| #endif
| #ifdef HAVE_STDINT_H
| # include <stdint.h>
| #endif
| #ifdef HAVE_UNISTD_H
| # include <unistd.h>
| #endif
| int
| main ()
| {
| if (sizeof ((size_t)))
| 	    return 0;
|   ;
|   return 0;
| }
configure:5044: result: yes
configure:5055: checking whether time.h and sys/time.h may both be included
configure:5075: gcc -c -g -O2  conftest.c >&5
configure:5075: $? = 0
configure:5082: result: yes
configure:5090: checking for uint16_t
configure:5090: gcc -c -g -O2  conftest.c >&5
configure:5090: $? = 0
configure:5090: result: yes
configure:5102: checking for uint32_t
configure:5102: gcc -c -g -O2  conftest.c >&5
configure:5102: $? = 0
configure:5102: result: yes
configure:5121: checking for error_at_line
configure:5137: gcc -o conftest -g -O2   conftest.c -lz -lm  >&5
configure:5137: $? = 0
configure:5145: result: yes
configure:5159: checking for memset
configure:5159: gcc -o conftest -g -O2   conftest.c -lz -lm  >&5
conftest.c:49:6: warning: conflicting types for built-in function 'memset' [enabled by default]
configure:5159: $? = 0
configure:5159: result: yes
configure:5159: checking for rint
configure:5159: gcc -o conftest -g -O2   conftest.c -lz -lm  >&5
conftest.c:50:6: warning: conflicting types for built-in function 'rint' [enabled by default]
configure:5159: $? = 0
configure:5159: result: yes
configure:5159: checking for strtol
configure:5159: gcc -o conftest -g -O2   conftest.c -lz -lm  >&5
configure:5159: $? = 0
configure:5159: result: yes
configure:5159: checking for pow
configure:5159: gcc -o conftest -g -O2   conftest.c -lz -lm  >&5
conftest.c:52:6: warning: conflicting types for built-in function 'pow' [enabled by default]
configure:5159: $? = 0
configure:5159: result: yes
configure:5159: checking for sqrt
configure:5159: gcc -o conftest -g -O2   conftest.c -lz -lm  >&5
conftest.c:53:6: warning: conflicting types for built-in function 'sqrt' [enabled by default]
configure:5159: $? = 0
configure:5159: result: yes
configure:5221: checking for boostlib >= 1.32.0
configure:5290: g++ -c -g -O2  -I/usr/include conftest.cpp >&5
configure:5290: $? = 0
configure:5292: result: yes
configure:5442: checking build system type
configure:5456: result: x86_64-unknown-linux-gnu
configure:5508: checking whether the Boost::System library is available
configure:5532: g++ -c -g -O2  -I/usr/include conftest.cpp >&5
configure:5532: $? = 0
configure:5547: result: yes
configure:5562: checking for exit in -lboost_system-mt
configure:5587: gcc -o conftest -g -O2  -I/usr/include  -L/usr/lib conftest.c -lboost_system-mt  -lz -lm  >&5
conftest.c:40:6: warning: conflicting types for built-in function 'exit' [enabled by default]
configure:5587: $? = 0
configure:5597: result: yes
configure:5747: checking whether the Boost::Program_Options library is available
configure:5771: g++ -c -g -O2  -I/usr/include conftest.cpp >&5
configure:5771: $? = 0
configure:5785: result: yes
configure:5796: checking for exit in -lboost_program_options-mt
configure:5821: gcc -o conftest -g -O2  -I/usr/include  -L/usr/lib conftest.c -lboost_program_options-mt  -lz -lm  >&5
conftest.c:41:6: warning: conflicting types for built-in function 'exit' [enabled by default]
configure:5821: $? = 0
configure:5831: result: yes
configure:6016: checking for pkg-config
configure:6034: found /usr/bin/pkg-config
configure:6046: result: /usr/bin/pkg-config
configure:6071: checking pkg-config is at least version 0.9.0
configure:6074: result: yes
configure:6088: set QT4_REQUIRED_VERSION... 4.3.0
configure:6090: set QT4_REQUIRED_MODULES... QtCore QtGui QtNetwork
configure:6099: checking for pkg-config
configure:6130: result: /usr/bin/pkg-config
configure:6143: check QtCore >= 4.3.0
configure:6147: checking for Qt4
configure:6154: $PKG_CONFIG --exists --print-errors "$mod >= $QT4_REQUIRED_VERSION"
configure:6157: $? = 0
configure:6171: $PKG_CONFIG --exists --print-errors "$mod >= $QT4_REQUIRED_VERSION"
configure:6174: $? = 0
configure:6212: result: yes
configure:6143: check QtGui >= 4.3.0
configure:6147: checking for Qt4
configure:6212: result: yes
configure:6143: check QtNetwork >= 4.3.0
configure:6147: checking for Qt4
configure:6212: result: yes
configure:6226: set QT4_CXXFLAGS... -DQT_SHARED -I/usr/include/qt4 -I/usr/include/qt4/QtCore -I/usr/include/qt4/QtGui -I/usr/include/qt4/QtNetwork  
configure:6228: set QT4_LDFLAGS... -L/usr/X11R6/lib64  
configure:6230: set QT4_LDADD... -pthread  -lQtGui -laudio -lXt -lpng -lgobject-2.0 -lSM -lICE -lXi -lXrender -lfreetype -lXext -lX11 -lQtNetwork -lQtCore -lfontconfig -lpthread -lz -lm -ldl -lgthread-2.0 -lrt -lglib-2.0  
configure:6269: set QT4_MOC... /usr/share/qt4/bin/moc
configure:6414: creating ./config.status

## ---------------------- ##
## Running config.status. ##
## ---------------------- ##

This file was extended by rcssmonitor config.status 15.1.0, which was
generated by GNU Autoconf 2.68.  Invocation command line was

  CONFIG_FILES    = 
  CONFIG_HEADERS  = 
  CONFIG_LINKS    = 
  CONFIG_COMMANDS = 
  $ ./config.status 

on trentonUbuntu

config.status:900: creating Makefile
config.status:900: creating src/Makefile
config.status:900: creating config.h
config.status:1129: executing depfiles commands

## ---------------- ##
## Cache variables. ##
## ---------------- ##

ac_cv_build=x86_64-unknown-linux-gnu
ac_cv_c_compiler_gnu=yes
ac_cv_c_const=yes
ac_cv_c_inline=inline
ac_cv_c_int16_t=yes
ac_cv_c_int32_t=yes
ac_cv_c_uint16_t=yes
ac_cv_c_uint32_t=yes
ac_cv_cxx_compiler_gnu=yes
ac_cv_env_CCC_set=
ac_cv_env_CCC_value=
ac_cv_env_CC_set=
ac_cv_env_CC_value=
ac_cv_env_CFLAGS_set=
ac_cv_env_CFLAGS_value=
ac_cv_env_CPPFLAGS_set=
ac_cv_env_CPPFLAGS_value=
ac_cv_env_CPP_set=
ac_cv_env_CPP_value=
ac_cv_env_CXXFLAGS_set=
ac_cv_env_CXXFLAGS_value=
ac_cv_env_CXX_set=
ac_cv_env_CXX_value=
ac_cv_env_LDFLAGS_set=
ac_cv_env_LDFLAGS_value=
ac_cv_env_LIBS_set=
ac_cv_env_LIBS_value=
ac_cv_env_PKG_CONFIG_LIBDIR_set=
ac_cv_env_PKG_CONFIG_LIBDIR_value=
ac_cv_env_PKG_CONFIG_PATH_set=set
ac_cv_env_PKG_CONFIG_PATH_value=/opt/ros/groovy/lib/pkgconfig
ac_cv_env_PKG_CONFIG_set=
ac_cv_env_PKG_CONFIG_value=
ac_cv_env_Qt4_CFLAGS_set=
ac_cv_env_Qt4_CFLAGS_value=
ac_cv_env_Qt4_LIBS_set=
ac_cv_env_Qt4_LIBS_value=
ac_cv_env_build_alias_set=
ac_cv_env_build_alias_value=
ac_cv_env_host_alias_set=
ac_cv_env_host_alias_value=
ac_cv_env_target_alias_set=
ac_cv_env_target_alias_value=
ac_cv_func_memset=yes
ac_cv_func_pow=yes
ac_cv_func_rint=yes
ac_cv_func_sqrt=yes
ac_cv_func_strtol=yes
ac_cv_header_inttypes_h=yes
ac_cv_header_memory_h=yes
ac_cv_header_netinet_in_h=yes
ac_cv_header_stdbool_h=yes
ac_cv_header_stdc=yes
ac_cv_header_stdint_h=yes
ac_cv_header_stdlib_h=yes
ac_cv_header_string_h=yes
ac_cv_header_strings_h=yes
ac_cv_header_sys_stat_h=yes
ac_cv_header_sys_types_h=yes
ac_cv_header_time=yes
ac_cv_header_unistd_h=yes
ac_cv_lib_boost_program_options_mt___exit=yes
ac_cv_lib_boost_system_mt___exit=yes
ac_cv_lib_error_at_line=yes
ac_cv_lib_m_cos=yes
ac_cv_lib_z_deflate=yes
ac_cv_objext=o
ac_cv_path_EGREP='/bin/grep -E'
ac_cv_path_GREP=/bin/grep
ac_cv_path_PKG_CONFIG=/usr/bin/pkg-config
ac_cv_path_ac_pt_PKG_CONFIG=/usr/bin/pkg-config
ac_cv_path_install='/usr/bin/install -c'
ac_cv_path_mkdir=/bin/mkdir
ac_cv_prog_AWK=mawk
ac_cv_prog_CPP='gcc -E'
ac_cv_prog_ac_ct_CC=gcc
ac_cv_prog_ac_ct_CXX=g++
ac_cv_prog_cc_c89=
ac_cv_prog_cc_g=yes
ac_cv_prog_cxx_g=yes
ac_cv_prog_make_make_set=yes
ac_cv_type__Bool=yes
ac_cv_type_size_t=yes
am_cv_CC_dependencies_compiler_type=gcc3
am_cv_CXX_dependencies_compiler_type=gcc3
ax_cv_boost_program_options=yes
ax_cv_boost_system=yes
pkg_cv_Qt4_CFLAGS='-DQT_SHARED -I/usr/include/qt4 -I/usr/include/qt4/QtCore  '
pkg_cv_Qt4_LIBS='-lQtCore  '

## ----------------- ##
## Output variables. ##
## ----------------- ##

ACLOCAL='${SHELL} /media/DATA/Research/newkeepaway/rcssmonitor_qt4/missing --run aclocal-1.11'
AMDEPBACKSLASH='\'
AMDEP_FALSE='#'
AMDEP_TRUE=''
AMTAR='$${TAR-tar}'
AUTOCONF='${SHELL} /media/DATA/Research/newkeepaway/rcssmonitor_qt4/missing --run autoconf'
AUTOHEADER='${SHELL} /media/DATA/Research/newkeepaway/rcssmonitor_qt4/missing --run autoheader'
AUTOMAKE='${SHELL} /media/DATA/Research/newkeepaway/rcssmonitor_qt4/missing --run automake-1.11'
AWK='mawk'
BOOST_CPPFLAGS='-I/usr/include'
BOOST_LDFLAGS='-L/usr/lib'
BOOST_PROGRAM_OPTIONS_LIB='-lboost_program_options-mt'
BOOST_SYSTEM_LIB='-lboost_system-mt'
CC='gcc'
CCDEPMODE='depmode=gcc3'
CFLAGS='-g -O2'
CPP='gcc -E'
CPPFLAGS=' -I/usr/include'
CXX='g++'
CXXDEPMODE='depmode=gcc3'
CXXFLAGS='-g -O2'
CYGPATH_W='echo'
DEFS='-DHAVE_CONFIG_H'
DEPDIR='.deps'
ECHO_C=''
ECHO_N='-n'
ECHO_T=''
EGREP='/bin/grep -E'
EXEEXT=''
GREP='/bin/grep'
INSTALL_DATA='${INSTALL} -m 644'
INSTALL_PROGRAM='${INSTALL}'
INSTALL_SCRIPT='${INSTALL}'
INSTALL_STRIP_PROGRAM='$(install_sh) -c -s'
LDFLAGS=' -L/usr/lib'
LIBOBJS=''
LIBS='-lz -lm '
LTLIBOBJS=''
MAKEINFO='${SHELL} /media/DATA/Research/newkeepaway/rcssmonitor_qt4/missing --run makeinfo'
MKDIR_P='/bin/mkdir -p'
OBJEXT='o'
PACKAGE='rcssmonitor'
PACKAGE_BUGREPORT='sserver-admin@users.sf.net'
PACKAGE_NAME='rcssmonitor'
PACKAGE_STRING='rcssmonitor 15.1.0'
PACKAGE_TARNAME='rcssmonitor'
PACKAGE_URL=''
PACKAGE_VERSION='15.1.0'
PATH_SEPARATOR=':'
PKG_CONFIG='/usr/bin/pkg-config'
PKG_CONFIG_LIBDIR=''
PKG_CONFIG_PATH='/opt/ros/groovy/lib/pkgconfig'
QT4_CFLAGS='-DQT_SHARED -I/usr/include/qt4 -I/usr/include/qt4/QtCore -I/usr/include/qt4/QtGui -I/usr/include/qt4/QtNetwork  '
QT4_CPPFLAGS=''
QT4_CXXFLAGS='-DQT_SHARED -I/usr/include/qt4 -I/usr/include/qt4/QtCore -I/usr/include/qt4/QtGui -I/usr/include/qt4/QtNetwork  '
QT4_LDADD='-pthread  -lQtGui -laudio -lXt -lpng -lgobject-2.0 -lSM -lICE -lXi -lXrender -lfreetype -lXext -lX11 -lQtNetwork -lQtCore -lfontconfig -lpthread -lz -lm -ldl -lgthread-2.0 -lrt -lglib-2.0  '
QT4_LDFLAGS='-L/usr/X11R6/lib64  '
QT4_MOC='/usr/share/qt4/bin/moc'
Qt4_CFLAGS='-DQT_SHARED -I/usr/include/qt4 -I/usr/include/qt4/QtCore  '
Qt4_LIBS='-lQtCore  '
SET_MAKE=''
SHELL='/bin/bash'
STRIP=''
VERSION='15.1.0'
ac_ct_CC='gcc'
ac_ct_CXX='g++'
am__EXEEXT_FALSE=''
am__EXEEXT_TRUE='#'
am__fastdepCC_FALSE='#'
am__fastdepCC_TRUE=''
am__fastdepCXX_FALSE='#'
am__fastdepCXX_TRUE=''
am__include='include'
am__isrc=''
am__leading_dot='.'
am__nodep='_no'
am__quote=''
am__tar='$${TAR-tar} chof - "$$tardir"'
am__untar='$${TAR-tar} xf -'
bindir='${exec_prefix}/bin'
build='x86_64-unknown-linux-gnu'
build_alias=''
build_cpu='x86_64'
build_os='linux-gnu'
build_vendor='unknown'
datadir='${datarootdir}'
datarootdir='${prefix}/share'
docdir='${datarootdir}/doc/${PACKAGE_TARNAME}'
dvidir='${docdir}'
exec_prefix='${prefix}'
host_alias=''
htmldir='${docdir}'
includedir='${prefix}/include'
infodir='${datarootdir}/info'
install_sh='${SHELL} /media/DATA/Research/newkeepaway/rcssmonitor_qt4/install-sh'
libdir='${exec_prefix}/lib'
libexecdir='${exec_prefix}/libexec'
localedir='${datarootdir}/locale'
localstatedir='${prefix}/var'
mandir='${datarootdir}/man'
mkdir_p='/bin/mkdir -p'
oldincludedir='/usr/include'
pdfdir='${docdir}'
prefix='/usr/local'
program_transform_name='s,x,x,'
psdir='${docdir}'
sbindir='${exec_prefix}/sbin'
sharedstatedir='${prefix}/com'
sysconfdir='${prefix}/etc'
target_alias=''

## ----------- ##
## confdefs.h. ##
## ----------- ##

/* confdefs.h */
#define PACKAGE_NAME "rcssmonitor"
#define PACKAGE_TARNAME "rcssmonitor"
#define PACKAGE_VERSION "15.1.0"
#define PACKAGE_STRING "rcssmonitor 15.1.0"
#define PACKAGE_BUGREPORT "sserver-admin@users.sf.net"
#define PACKAGE_URL ""
#define PACKAGE "rcssmonitor"
#define VERSION "15.1.0"
#define HAVE_LIBZ 1
#define STDC_HEADERS 1
#define HAVE_SYS_TYPES_H 1
#define HAVE_SYS_STAT_H 1
#define HAVE_STDLIB_H 1
#define HAVE_STRING_H 1
#define HAVE_MEMORY_H 1
#define HAVE_STRINGS_H 1
#define HAVE_INTTYPES_H 1
#define HAVE_STDINT_H 1
#define HAVE_UNISTD_H 1
#define HAVE_NETINET_IN_H 1
#define HAVE__BOOL 1
#define HAVE_STDBOOL_H 1
#define TIME_WITH_SYS_TIME 1
#define HAVE_MEMSET 1
#define HAVE_RINT 1
#define HAVE_STRTOL 1
#define HAVE_POW 1
#define HAVE_SQRT 1
#define HAVE_BOOST /**/
#define HAVE_BOOST_SYSTEM /**/
#define HAVE_BOOST_PROGRAM_OPTIONS /**/

configure: exit 0
